Added Component: Designator=J1(LINK_HOLE)
Added Component: Designator=J2(LINK_HOLE)
Added Component: Designator=J3(LINK_HOLE)
Added Component: Designator=J4(LINK_HOLE)
Added Component: Designator=J5(Button_Pad)
Added Component: Designator=J6(Button_Pad)
Added Component: Designator=J7(Button_Pad)
Added Pin To Net: NetName=BUTTON_DOWN Pin=J3-1
Added Pin To Net: NetName=BUTTON_DOWN Pin=J7-1
Added Net: Name=BUTTON_DOWN
Added Pin To Net: NetName=BUTTON_LEFT Pin=J1-1
Added Pin To Net: NetName=BUTTON_LEFT Pin=J5-1
Added Net: Name=BUTTON_LEFT
Added Pin To Net: NetName=BUTTON_RIGHT Pin=J2-1
Added Pin To Net: NetName=BUTTON_RIGHT Pin=J6-1
Added Net: Name=BUTTON_RIGHT
Added Pin To Net: NetName=GND Pin=J4-1
Added Net: Name=GND
Added Class: Name=playB
Added Room: Name=playB
