Removed Pin From Net: NetName=GND Pin=C1-1
Removed Pin From Net: NetName=VCC_3V Pin=C1-2
Removed Pin From Net: NetName=GND Pin=C8-1
Removed Pin From Net: NetName=VCC_3V Pin=C8-2
Removed Pin From Net: NetName=GND Pin=C9-1
Removed Pin From Net: NetName=VCC_3V Pin=C9-2
Removed Pin From Net: NetName=NetD3_1 Pin=D5-1
Removed Pin From Net: NetName=NetD3_2 Pin=D5-2
Removed Pin From Net: NetName=NetD3_3 Pin=D5-3
Removed Pin From Net: NetName=NetD3_4 Pin=D5-4
Removed Pin From Net: NetName=NetD3_5 Pin=D5-5
Removed Pin From Net: NetName=NetD3_6 Pin=D5-6
Removed Member From Class: ClassName=playC Member=C1
Removed Member From Class: ClassName=playC Member=C8
Removed Member From Class: ClassName=playC Member=C9
Removed Member From Class: ClassName=playC Member=D5
Added Component: Designator=C5(0603)
Added Pin To Net: NetName=GND Pin=C5-1
Added Pin To Net: NetName=VCC_3V Pin=C5-2
Added Member To Class: ClassName=playC Member=Component C5 104
Added Room: Name=playC
