Added Component: Designator=C1(0603)
Added Component: Designator=C5(0603)
Added Component: Designator=C6(0603)
Added Component: Designator=C7(0603)
Added Component: Designator=C9(0603)
Added Component: Designator=C12(0603)
Added Component: Designator=D3(5050_LED)
Added Component: Designator=D4(5050_LED)
Added Component: Designator=D5(5050_LED)
Added Component: Designator=P4(HDR1X2)
Added Component: Designator=Q1(SOT23)
Added Component: Designator=Q2(SOT23)
Added Component: Designator=Q3(SOT23)
Added Component: Designator=R17(0603_4)
Added Component: Designator=R18(0603)
Added Component: Designator=R19(0603)
Added Component: Designator=R20(0603)
Added Component: Designator=R21(0603)
Added Component: Designator=R24(0603)
Added Component: Designator=R25(0603)
Added Component: Designator=R26(0603)
Added Pin To Net: NetName=GND Pin=C1-1
Added Pin To Net: NetName=VCC_3V Pin=C1-2
Added Pin To Net: NetName=GND Pin=C5-1
Added Pin To Net: NetName=VCC_3V Pin=C5-2
Added Pin To Net: NetName=GND Pin=C6-1
Added Pin To Net: NetName=VCC_3V Pin=C6-2
Added Pin To Net: NetName=GND Pin=C7-1
Added Pin To Net: NetName=VCC_3V Pin=C7-2
Added Pin To Net: NetName=GND Pin=C9-1
Added Pin To Net: NetName=VCC_3V Pin=C9-2
Added Pin To Net: NetName=GND Pin=C12-1
Added Pin To Net: NetName=VCC_3V Pin=C12-2
Added Pin To Net: NetName=VBAT Pin=P4-1
Added Pin To Net: NetName=GND Pin=P4-2
Added Pin To Net: NetName=PWM_R Pin=Q1-1
Added Pin To Net: NetName=GND Pin=Q1-3
Added Pin To Net: NetName=PWM_G Pin=Q2-1
Added Pin To Net: NetName=GND Pin=Q2-3
Added Pin To Net: NetName=PWM_B Pin=Q3-1
Added Pin To Net: NetName=GND Pin=Q3-3
Added Pin To Net: NetName=VBAT Pin=R17-1
Added Pin To Net: NetName=VBAT Pin=R17-2
Added Pin To Net: NetName=VBAT Pin=R17-3
Added Pin To Net: NetName=USBDM Pin=R18-2
Added Pin To Net: NetName=USBDP Pin=R19-2
Added Pin To Net: NetName=VCC_3V Pin=R20-2
Added Pin To Net: NetName=BOOT0 Pin=R21-1
Added Pin To Net: NetName=VCC_3V Pin=R21-2
Added Pin To Net: NetName=GND Pin=R24-1
Added Pin To Net: NetName=PWM_R Pin=R24-2
Added Pin To Net: NetName=GND Pin=R25-1
Added Pin To Net: NetName=PWM_G Pin=R25-2
Added Pin To Net: NetName=GND Pin=R26-1
Added Pin To Net: NetName=PWM_B Pin=R26-2
Added Pin To Net: NetName=NetD3_1 Pin=D3-1
Added Pin To Net: NetName=NetD3_1 Pin=D4-1
Added Pin To Net: NetName=NetD3_1 Pin=D5-1
Added Pin To Net: NetName=NetD3_1 Pin=R17-8
Added Net: Name=NetD3_1
Added Pin To Net: NetName=NetD3_2 Pin=D3-2
Added Pin To Net: NetName=NetD3_2 Pin=D4-2
Added Pin To Net: NetName=NetD3_2 Pin=D5-2
Added Pin To Net: NetName=NetD3_2 Pin=R17-7
Added Net: Name=NetD3_2
Added Pin To Net: NetName=NetD3_3 Pin=D3-3
Added Pin To Net: NetName=NetD3_3 Pin=D4-3
Added Pin To Net: NetName=NetD3_3 Pin=D5-3
Added Pin To Net: NetName=NetD3_3 Pin=R17-6
Added Net: Name=NetD3_3
Added Pin To Net: NetName=NetD3_4 Pin=D3-4
Added Pin To Net: NetName=NetD3_4 Pin=D4-4
Added Pin To Net: NetName=NetD3_4 Pin=D5-4
Added Pin To Net: NetName=NetD3_4 Pin=Q3-2
Added Net: Name=NetD3_4
Added Pin To Net: NetName=NetD3_5 Pin=D3-5
Added Pin To Net: NetName=NetD3_5 Pin=D4-5
Added Pin To Net: NetName=NetD3_5 Pin=D5-5
Added Pin To Net: NetName=NetD3_5 Pin=Q2-2
Added Net: Name=NetD3_5
Added Pin To Net: NetName=NetD3_6 Pin=D3-6
Added Pin To Net: NetName=NetD3_6 Pin=D4-6
Added Pin To Net: NetName=NetD3_6 Pin=D5-6
Added Pin To Net: NetName=NetD3_6 Pin=Q1-2
Added Net: Name=NetD3_6
Added Pin To Net: NetName=NetP3_2 Pin=P3-2
Added Pin To Net: NetName=NetP3_2 Pin=R18-1
Added Net: Name=NetP3_2
Added Pin To Net: NetName=NetP3_3 Pin=P3-3
Added Pin To Net: NetName=NetP3_3 Pin=R19-1
Added Pin To Net: NetName=NetP3_3 Pin=R20-1
Added Net: Name=NetP3_3
Added Member To Class: ClassName=playC Member=Component C1 104
Added Member To Class: ClassName=playC Member=Component C5 104
Added Member To Class: ClassName=playC Member=Component C6 104
Added Member To Class: ClassName=playC Member=Component C7 104
Added Member To Class: ClassName=playC Member=Component C9 104
Added Member To Class: ClassName=playC Member=Component C12 104
Added Member To Class: ClassName=playC Member=Component D3 LED
Added Member To Class: ClassName=playC Member=Component D4 LED
Added Member To Class: ClassName=playC Member=Component D5 LED
Added Member To Class: ClassName=playC Member=Component P4 Header 2
Added Member To Class: ClassName=playC Member=Component Q1 2N7002
Added Member To Class: ClassName=playC Member=Component Q2 2N7002
Added Member To Class: ClassName=playC Member=Component Q3 2N7002
Added Member To Class: ClassName=playC Member=Component R17 220
Added Member To Class: ClassName=playC Member=Component R18 10
Added Member To Class: ClassName=playC Member=Component R19 10
Added Member To Class: ClassName=playC Member=Component R20 1.5k
Added Member To Class: ClassName=playC Member=Component R21 10K
Added Member To Class: ClassName=playC Member=Component R24 100k
Added Member To Class: ClassName=playC Member=Component R25 100k
Added Member To Class: ClassName=playC Member=Component R26 100k
Added Room: Name=playC
