Added Component: Designator=C1(0603)
Added Component: Designator=C2(0603)
Added Component: Designator=C3(0603)
Added Component: Designator=C4(0603)
Added Component: Designator=C5(0603)
Added Component: Designator=C6(0603)
Added Component: Designator=C7(0603)
Added Component: Designator=C8(0603)
Added Component: Designator=C9(0603)
Added Component: Designator=C10(0805)
Added Component: Designator=C11(0805)
Added Component: Designator=C12(0603)
Added Component: Designator=C13(0603)
Added Component: Designator=C14(0603)
Added Component: Designator=C15(Cap_Tan_B)
Added Component: Designator=C16(Cap_Tan_B)
Added Component: Designator=D1(SMB)
Added Component: Designator=J1(LINK_HOLE)
Added Component: Designator=J2(2032_POS)
Added Component: Designator=J3(LINK_HOLE)
Added Component: Designator=J4(LINK_HOLE)
Added Component: Designator=J5(LINK_HOLE)
Added Component: Designator=J6(LINK_HOLE)
Added Component: Designator=J7(LINK_HOLE)
Added Component: Designator=J8(LINK_HOLE)
Added Component: Designator=J11(LINK_HOLE)
Added Component: Designator=J?(GRAVITY_SENSOR_PAD)
Added Component: Designator=P1(HDR1X5H)
Added Component: Designator=P2(OLED(30PIN_1.3'))
Added Component: Designator=P3(MINI_USB_180)
Added Component: Designator=R1(0603)
Added Component: Designator=R2(0603)
Added Component: Designator=R3(0603)
Added Component: Designator=R4(0603)
Added Component: Designator=R5(0603)
Added Component: Designator=R6(0603)
Added Component: Designator=R7(0603)
Added Component: Designator=R8(0603)
Added Component: Designator=R9(0603)
Added Component: Designator=R10(0603)
Added Component: Designator=R11(0603)
Added Component: Designator=R12(0603)
Added Component: Designator=R13(0603)
Added Component: Designator=R14(0603)
Added Component: Designator=R15(0603)
Added Component: Designator=R16(1206)
Added Component: Designator=U1(SOIC-8)
Added Component: Designator=U2(LQFP48_N)
Added Component: Designator=U3(SOP-14)
Added Component: Designator=U4(TP4056)
Added Component: Designator=U5(BM_S02_Bluetooth4.0_flexible)
Added Component: Designator=U6(BAT54-S)
Added Pin To Net: NetName=3V3 Pin=R6-2
Added Net: Name=3V3
Added Pin To Net: NetName=BAT_CHRG Pin=U2-11
Added Pin To Net: NetName=BAT_CHRG Pin=U4-7
Added Net: Name=BAT_CHRG
Added Pin To Net: NetName=BAT_STDBY Pin=U2-10
Added Pin To Net: NetName=BAT_STDBY Pin=U4-6
Added Net: Name=BAT_STDBY
Added Pin To Net: NetName=BOOT0 Pin=U2-44
Added Pin To Net: NetName=BOOT0 Pin=U5-10
Added Pin To Net: NetName=BOOT0 Pin=U5-10
Added Pin To Net: NetName=BOOT0 Pin=U5-10
Added Net: Name=BOOT0
Added Pin To Net: NetName=BOOT1 Pin=C1-1
Added Pin To Net: NetName=BOOT1 Pin=C4-1
Added Pin To Net: NetName=BOOT1 Pin=C5-1
Added Pin To Net: NetName=BOOT1 Pin=C6-2
Added Pin To Net: NetName=BOOT1 Pin=C7-1
Added Pin To Net: NetName=BOOT1 Pin=C8-1
Added Pin To Net: NetName=BOOT1 Pin=C9-1
Added Pin To Net: NetName=BOOT1 Pin=C10-2
Added Pin To Net: NetName=BOOT1 Pin=C11-2
Added Pin To Net: NetName=BOOT1 Pin=C12-1
Added Pin To Net: NetName=BOOT1 Pin=C13-1
Added Pin To Net: NetName=BOOT1 Pin=C14-1
Added Pin To Net: NetName=BOOT1 Pin=C15-2
Added Pin To Net: NetName=BOOT1 Pin=C16-2
Added Pin To Net: NetName=BOOT1 Pin=J7-1
Added Pin To Net: NetName=BOOT1 Pin=P1-1
Added Pin To Net: NetName=BOOT1 Pin=P2-1
Added Pin To Net: NetName=BOOT1 Pin=P2-8
Added Pin To Net: NetName=BOOT1 Pin=P2-11
Added Pin To Net: NetName=BOOT1 Pin=P2-12
Added Pin To Net: NetName=BOOT1 Pin=P2-15
Added Pin To Net: NetName=BOOT1 Pin=P2-16
Added Pin To Net: NetName=BOOT1 Pin=P2-17
Added Pin To Net: NetName=BOOT1 Pin=P2-21
Added Pin To Net: NetName=BOOT1 Pin=P2-22
Added Pin To Net: NetName=BOOT1 Pin=P2-23
Added Pin To Net: NetName=BOOT1 Pin=P2-24
Added Pin To Net: NetName=BOOT1 Pin=P2-25
Added Pin To Net: NetName=BOOT1 Pin=P2-29
Added Pin To Net: NetName=BOOT1 Pin=P2-30
Added Pin To Net: NetName=BOOT1 Pin=P3-5
Added Pin To Net: NetName=BOOT1 Pin=R5-2
Added Pin To Net: NetName=BOOT1 Pin=R13-2
Added Pin To Net: NetName=BOOT1 Pin=R14-2
Added Pin To Net: NetName=BOOT1 Pin=R15-2
Added Pin To Net: NetName=BOOT1 Pin=U1-4
Added Pin To Net: NetName=BOOT1 Pin=U1-5
Added Pin To Net: NetName=BOOT1 Pin=U1-6
Added Pin To Net: NetName=BOOT1 Pin=U1-7
Added Pin To Net: NetName=BOOT1 Pin=U2-8
Added Pin To Net: NetName=BOOT1 Pin=U2-20
Added Pin To Net: NetName=BOOT1 Pin=U2-23
Added Pin To Net: NetName=BOOT1 Pin=U2-36
Added Pin To Net: NetName=BOOT1 Pin=U2-47
Added Pin To Net: NetName=BOOT1 Pin=U3-7
Added Pin To Net: NetName=BOOT1 Pin=U3-11
Added Pin To Net: NetName=BOOT1 Pin=U4-3
Added Pin To Net: NetName=BOOT1 Pin=U5-1
Added Pin To Net: NetName=BOOT1 Pin=U5-1
Added Pin To Net: NetName=BOOT1 Pin=U5-1
Added Pin To Net: NetName=BOOT1 Pin=U6-1
Added Net: Name=BOOT1
Added Pin To Net: NetName=BT_BRTS Pin=U2-19
Added Pin To Net: NetName=BT_BRTS Pin=U5-14
Added Pin To Net: NetName=BT_BRTS Pin=U5-14
Added Pin To Net: NetName=BT_BRTS Pin=U5-14
Added Net: Name=BT_BRTS
Added Pin To Net: NetName=BT_CON Pin=U2-21
Added Pin To Net: NetName=BT_CON Pin=U5-4
Added Pin To Net: NetName=BT_CON Pin=U5-4
Added Pin To Net: NetName=BT_CON Pin=U5-4
Added Net: Name=BT_CON
Added Pin To Net: NetName=BT_EN Pin=U2-18
Added Pin To Net: NetName=BT_EN Pin=U5-6
Added Pin To Net: NetName=BT_EN Pin=U5-6
Added Pin To Net: NetName=BT_EN Pin=U5-6
Added Net: Name=BT_EN
Added Pin To Net: NetName=BT_RX Pin=U2-30
Added Pin To Net: NetName=BT_RX Pin=U5-17
Added Pin To Net: NetName=BT_RX Pin=U5-17
Added Pin To Net: NetName=BT_RX Pin=U5-17
Added Net: Name=BT_RX
Added Pin To Net: NetName=BT_SLEEP Pin=U2-22
Added Pin To Net: NetName=BT_SLEEP Pin=U5-3
Added Pin To Net: NetName=BT_SLEEP Pin=U5-3
Added Pin To Net: NetName=BT_SLEEP Pin=U5-3
Added Net: Name=BT_SLEEP
Added Pin To Net: NetName=BT_TX Pin=U2-31
Added Pin To Net: NetName=BT_TX Pin=U5-16
Added Pin To Net: NetName=BT_TX Pin=U5-16
Added Pin To Net: NetName=BT_TX Pin=U5-16
Added Net: Name=BT_TX
Added Pin To Net: NetName=BUTTON_DOWN Pin=J5-1
Added Pin To Net: NetName=BUTTON_DOWN Pin=R3-1
Added Pin To Net: NetName=BUTTON_DOWN Pin=U2-41
Added Net: Name=BUTTON_DOWN
Added Pin To Net: NetName=BUTTON_LEFT Pin=J1-1
Added Pin To Net: NetName=BUTTON_LEFT Pin=R1-1
Added Pin To Net: NetName=BUTTON_LEFT Pin=U2-40
Added Net: Name=BUTTON_LEFT
Added Pin To Net: NetName=BUTTON_RIGHT Pin=J3-1
Added Pin To Net: NetName=BUTTON_RIGHT Pin=R2-1
Added Pin To Net: NetName=BUTTON_RIGHT Pin=U2-39
Added Net: Name=BUTTON_RIGHT
Added Pin To Net: NetName=GRAVITI_A Pin=J?-1
Added Pin To Net: NetName=GRAVITI_A Pin=U2-25
Added Net: Name=GRAVITI_A
Added Pin To Net: NetName=GRAVITI_B Pin=J?-2
Added Pin To Net: NetName=GRAVITI_B Pin=U2-26
Added Net: Name=GRAVITI_B
Added Pin To Net: NetName=GRAVITI_C Pin=J?-3
Added Pin To Net: NetName=GRAVITI_C Pin=U2-27
Added Net: Name=GRAVITI_C
Added Pin To Net: NetName=GRAVITI_D Pin=J?-4
Added Pin To Net: NetName=GRAVITI_D Pin=U2-28
Added Net: Name=GRAVITI_D
Added Pin To Net: NetName=I2C_SCK Pin=R9-1
Added Pin To Net: NetName=I2C_SCK Pin=U1-2
Added Pin To Net: NetName=I2C_SCK Pin=U2-42
Added Pin To Net: NetName=I2C_SCK Pin=U3-2
Added Net: Name=I2C_SCK
Added Pin To Net: NetName=I2C_SDA Pin=R10-1
Added Pin To Net: NetName=I2C_SDA Pin=U1-1
Added Pin To Net: NetName=I2C_SDA Pin=U2-43
Added Pin To Net: NetName=I2C_SDA Pin=U3-13
Added Net: Name=I2C_SDA
Added Pin To Net: NetName=NetC2_1 Pin=C2-1
Added Pin To Net: NetName=NetC2_1 Pin=P2-3
Added Net: Name=NetC2_1
Added Pin To Net: NetName=NetC2_2 Pin=C2-2
Added Pin To Net: NetName=NetC2_2 Pin=P2-2
Added Net: Name=NetC2_2
Added Pin To Net: NetName=NetC3_1 Pin=C3-1
Added Pin To Net: NetName=NetC3_1 Pin=P2-5
Added Net: Name=NetC3_1
Added Pin To Net: NetName=NetC3_2 Pin=C3-2
Added Pin To Net: NetName=NetC3_2 Pin=P2-4
Added Net: Name=NetC3_2
Added Pin To Net: NetName=NetC10_1 Pin=C10-1
Added Pin To Net: NetName=NetC10_1 Pin=P2-27
Added Net: Name=NetC10_1
Added Pin To Net: NetName=NetC11_1 Pin=C11-1
Added Pin To Net: NetName=NetC11_1 Pin=P2-28
Added Net: Name=NetC11_1
Added Pin To Net: NetName=NetP2_6 Pin=P2-6
Added Pin To Net: NetName=NetP2_6 Pin=R7-2
Added Pin To Net: NetName=NetP2_6 Pin=R8-2
Added Net: Name=NetP2_6
Added Pin To Net: NetName=NetP2_26 Pin=P2-26
Added Pin To Net: NetName=NetP2_26 Pin=R13-1
Added Net: Name=NetP2_26
Added Pin To Net: NetName=NetR4_2 Pin=R4-2
Added Pin To Net: NetName=NetR4_2 Pin=R5-1
Added Pin To Net: NetName=NetR4_2 Pin=U2-12
Added Net: Name=NetR4_2
Added Pin To Net: NetName=NetR14_1 Pin=R14-1
Added Pin To Net: NetName=NetR14_1 Pin=U4-1
Added Net: Name=NetR14_1
Added Pin To Net: NetName=NetR15_1 Pin=R15-1
Added Pin To Net: NetName=NetR15_1 Pin=U4-2
Added Net: Name=NetR15_1
Added Pin To Net: NetName=OLED_CS Pin=P2-13
Added Pin To Net: NetName=OLED_CS Pin=U2-14
Added Net: Name=OLED_CS
Added Pin To Net: NetName=OLED_RST Pin=P2-14
Added Pin To Net: NetName=OLED_RST Pin=U2-13
Added Net: Name=OLED_RST
Added Pin To Net: NetName=OLED_SCK Pin=P2-18
Added Pin To Net: NetName=OLED_SCK Pin=R12-1
Added Pin To Net: NetName=OLED_SCK Pin=U2-15
Added Net: Name=OLED_SCK
Added Pin To Net: NetName=OLED_SDA Pin=P2-19
Added Pin To Net: NetName=OLED_SDA Pin=R11-1
Added Pin To Net: NetName=OLED_SDA Pin=U2-17
Added Net: Name=OLED_SDA
Added Pin To Net: NetName=RESET Pin=C4-2
Added Pin To Net: NetName=RESET Pin=R6-1
Added Pin To Net: NetName=RESET Pin=U2-7
Added Pin To Net: NetName=RESET Pin=U5-5
Added Pin To Net: NetName=RESET Pin=U5-5
Added Pin To Net: NetName=RESET Pin=U5-5
Added Net: Name=RESET
Added Pin To Net: NetName=RTC_INT Pin=U2-45
Added Pin To Net: NetName=RTC_INT Pin=U3-10
Added Net: Name=RTC_INT
Added Pin To Net: NetName=SW_CLK Pin=P1-3
Added Pin To Net: NetName=SW_CLK Pin=U2-37
Added Net: Name=SW_CLK
Added Pin To Net: NetName=SW_DIO Pin=P1-4
Added Pin To Net: NetName=SW_DIO Pin=U2-34
Added Net: Name=SW_DIO
Added Pin To Net: NetName=USB_5V_R Pin=C15-1
Added Pin To Net: NetName=USB_5V_R Pin=R16-1
Added Pin To Net: NetName=USB_5V_R Pin=U4-4
Added Pin To Net: NetName=USB_5V_R Pin=U4-8
Added Net: Name=USB_5V_R
Added Pin To Net: NetName=USB_5V Pin=C13-2
Added Pin To Net: NetName=USB_5V Pin=D1-2
Added Pin To Net: NetName=USB_5V Pin=P1-2
Added Pin To Net: NetName=USB_5V Pin=P3-1
Added Pin To Net: NetName=USB_5V Pin=R7-1
Added Pin To Net: NetName=USB_5V Pin=R16-2
Added Pin To Net: NetName=USB_5V Pin=U6-3
Added Net: Name=USB_5V
Added Pin To Net: NetName=USBDM Pin=U2-32
Added Net: Name=USBDM
Added Pin To Net: NetName=USBDP Pin=U2-33
Added Net: Name=USBDP
Added Pin To Net: NetName=VBAT Pin=C16-1
Added Pin To Net: NetName=VBAT Pin=D1-1
Added Pin To Net: NetName=VBAT Pin=J2-1
Added Pin To Net: NetName=VBAT Pin=J2-1
Added Pin To Net: NetName=VBAT Pin=J2-1
Added Pin To Net: NetName=VBAT Pin=J2-1
Added Pin To Net: NetName=VBAT Pin=J2-1
Added Pin To Net: NetName=VBAT Pin=J2-1
Added Pin To Net: NetName=VBAT Pin=J2-1
Added Pin To Net: NetName=VBAT Pin=J2-1
Added Pin To Net: NetName=VBAT Pin=J2-1
Added Pin To Net: NetName=VBAT Pin=J2-1
Added Pin To Net: NetName=VBAT Pin=R4-1
Added Pin To Net: NetName=VBAT Pin=U4-5
Added Net: Name=VBAT
Added Pin To Net: NetName=VCC_3V Pin=C1-2
Added Pin To Net: NetName=VCC_3V Pin=C5-2
Added Pin To Net: NetName=VCC_3V Pin=C6-1
Added Pin To Net: NetName=VCC_3V Pin=C7-2
Added Pin To Net: NetName=VCC_3V Pin=C8-2
Added Pin To Net: NetName=VCC_3V Pin=C9-2
Added Pin To Net: NetName=VCC_3V Pin=C12-2
Added Pin To Net: NetName=VCC_3V Pin=C14-2
Added Pin To Net: NetName=VCC_3V Pin=P1-5
Added Pin To Net: NetName=VCC_3V Pin=P2-9
Added Pin To Net: NetName=VCC_3V Pin=P2-10
Added Pin To Net: NetName=VCC_3V Pin=R1-2
Added Pin To Net: NetName=VCC_3V Pin=R2-2
Added Pin To Net: NetName=VCC_3V Pin=R3-2
Added Pin To Net: NetName=VCC_3V Pin=R8-1
Added Pin To Net: NetName=VCC_3V Pin=R9-2
Added Pin To Net: NetName=VCC_3V Pin=R10-2
Added Pin To Net: NetName=VCC_3V Pin=R11-2
Added Pin To Net: NetName=VCC_3V Pin=R12-2
Added Pin To Net: NetName=VCC_3V Pin=U1-8
Added Pin To Net: NetName=VCC_3V Pin=U2-9
Added Pin To Net: NetName=VCC_3V Pin=U2-24
Added Pin To Net: NetName=VCC_3V Pin=U2-35
Added Pin To Net: NetName=VCC_3V Pin=U2-48
Added Pin To Net: NetName=VCC_3V Pin=U3-5
Added Pin To Net: NetName=VCC_3V Pin=U3-6
Added Pin To Net: NetName=VCC_3V Pin=U5-2
Added Pin To Net: NetName=VCC_3V Pin=U5-2
Added Pin To Net: NetName=VCC_3V Pin=U5-2
Added Pin To Net: NetName=VCC_3V Pin=U6-2
Added Net: Name=VCC_3V
Added Class: Name=playC
Added Room: Name=playC
